生成启动时间为 2019/9/9 17:49:24。
     1>项目“E:\C-workspace\XYZ转NEU\xyz2neu\xyz2neu\xyz2neu.vcxproj”在节点 2 上(Build 个目标)。
     1>ClCompile:
         C:\Program Files (x86)\Microsoft Visual Studio 11.0\VC\bin\CL.exe /c /ZI /nologo /W3 /WX- /Od /Oy- /D WIN32 /D _DEBUG /D _CONSOLE /D _UNICODE /D UNICODE /Gm /EHsc /RTC1 /MDd /GS /fp:precise /Zc:wchar_t /Zc:forScope /Fo"Debug\\" /Fd"Debug\vc110.pdb" /Gd /TP /analyze- /errorReport:prompt main.cpp
         main.cpp
     1>e:\c-workspace\xyz转neu\xyz2neu\xyz2neu\main.cpp(27): warning C4996: 'fopen': This function or variable may be unsafe. Consider using fopen_s instead. To disable deprecation, use _CRT_SECURE_NO_WARNINGS. See online help for details.
                 c:\program files (x86)\microsoft visual studio 11.0\vc\include\stdio.h(218) : 参见“fopen”的声明
     1>e:\c-workspace\xyz转neu\xyz2neu\xyz2neu\main.cpp(28): warning C4996: 'fopen': This function or variable may be unsafe. Consider using fopen_s instead. To disable deprecation, use _CRT_SECURE_NO_WARNINGS. See online help for details.
                 c:\program files (x86)\microsoft visual studio 11.0\vc\include\stdio.h(218) : 参见“fopen”的声明
     1>e:\c-workspace\xyz转neu\xyz2neu\xyz2neu\main.cpp(71): warning C4996: 'strncpy': This function or variable may be unsafe. Consider using strncpy_s instead. To disable deprecation, use _CRT_SECURE_NO_WARNINGS. See online help for details.
                 c:\program files (x86)\microsoft visual studio 11.0\vc\include\string.h(191) : 参见“strncpy”的声明
     1>e:\c-workspace\xyz转neu\xyz2neu\xyz2neu\main.cpp(73): warning C4996: 'strncpy': This function or variable may be unsafe. Consider using strncpy_s instead. To disable deprecation, use _CRT_SECURE_NO_WARNINGS. See online help for details.
                 c:\program files (x86)\microsoft visual studio 11.0\vc\include\string.h(191) : 参见“strncpy”的声明
     1>e:\c-workspace\xyz转neu\xyz2neu\xyz2neu\main.cpp(75): warning C4996: 'strncpy': This function or variable may be unsafe. Consider using strncpy_s instead. To disable deprecation, use _CRT_SECURE_NO_WARNINGS. See online help for details.
                 c:\program files (x86)\microsoft visual studio 11.0\vc\include\string.h(191) : 参见“strncpy”的声明
       Link:
         C:\Program Files (x86)\Microsoft Visual Studio 11.0\VC\bin\link.exe /ERRORREPORT:PROMPT /OUT:"E:\C-workspace\XYZ转NEU\xyz2neu\Debug\xyz2neu.exe" /INCREMENTAL /NOLOGO kernel32.lib user32.lib gdi32.lib winspool.lib comdlg32.lib advapi32.lib shell32.lib ole32.lib oleaut32.lib uuid.lib odbc32.lib odbccp32.lib /MANIFEST /MANIFESTUAC:"level='asInvoker' uiAccess='false'" /manifest:embed /DEBUG /PDB:"E:\C-workspace\XYZ转NEU\xyz2neu\Debug\xyz2neu.pdb" /SUBSYSTEM:CONSOLE /TLBID:1 /DYNAMICBASE /NXCOMPAT /IMPLIB:"E:\C-workspace\XYZ转NEU\xyz2neu\Debug\xyz2neu.lib" /MACHINE:X86 Debug\main.obj
         xyz2neu.vcxproj -> E:\C-workspace\XYZ转NEU\xyz2neu\Debug\xyz2neu.exe
     1>已完成生成项目“E:\C-workspace\XYZ转NEU\xyz2neu\xyz2neu\xyz2neu.vcxproj”(Build 个目标)的操作。

生成成功。

已用时间 00:00:00.39
